d:\work\tsp2a\c++\ruinsofscience\build\_deps\sfml-build\lib\debug\sfml-graphics-s.pdb
d:\work\tsp2a\c++\ruinsofscience\build\_deps\sfml-build\src\sfml\graphics\sfml-graphics.dir\debug\glloader.obj
d:\work\tsp2a\c++\ruinsofscience\build\_deps\sfml-build\src\sfml\graphics\sfml-graphics.dir\debug\vertex.obj
d:\work\tsp2a\c++\ruinsofscience\build\_deps\sfml-build\src\sfml\graphics\sfml-graphics.dir\debug\view.obj
d:\work\tsp2a\c++\ruinsofscience\build\_deps\sfml-build\src\sfml\graphics\sfml-graphics.dir\debug\transformable.obj
d:\work\tsp2a\c++\ruinsofscience\build\_deps\sfml-build\src\sfml\graphics\sfml-graphics.dir\debug\transform.obj
d:\work\tsp2a\c++\ruinsofscience\build\_deps\sfml-build\src\sfml\graphics\sfml-graphics.dir\debug\texturesaver.obj
d:\work\tsp2a\c++\ruinsofscience\build\_deps\sfml-build\src\sfml\graphics\sfml-graphics.dir\debug\texture.obj
d:\work\tsp2a\c++\ruinsofscience\build\_deps\sfml-build\src\sfml\graphics\sfml-graphics.dir\debug\shader.obj
d:\work\tsp2a\c++\ruinsofscience\build\_deps\sfml-build\src\sfml\graphics\sfml-graphics.dir\debug\renderwindow.obj
d:\work\tsp2a\c++\ruinsofscience\build\_deps\sfml-build\src\sfml\graphics\sfml-graphics.dir\debug\rendertarget.obj
d:\work\tsp2a\c++\ruinsofscience\build\_deps\sfml-build\src\sfml\graphics\sfml-graphics.dir\debug\rendertexture.obj
d:\work\tsp2a\c++\ruinsofscience\build\_deps\sfml-build\src\sfml\graphics\sfml-graphics.dir\debug\renderstates.obj
d:\work\tsp2a\c++\ruinsofscience\build\_deps\sfml-build\src\sfml\graphics\sfml-graphics.dir\debug\imageloader.obj
d:\work\tsp2a\c++\ruinsofscience\build\_deps\sfml-build\src\sfml\graphics\sfml-graphics.dir\debug\image.obj
d:\work\tsp2a\c++\ruinsofscience\build\_deps\sfml-build\src\sfml\graphics\sfml-graphics.dir\debug\glextensions.obj
d:\work\tsp2a\c++\ruinsofscience\build\_deps\sfml-build\src\sfml\graphics\sfml-graphics.dir\debug\glcheck.obj
d:\work\tsp2a\c++\ruinsofscience\build\_deps\sfml-build\src\sfml\graphics\sfml-graphics.dir\debug\glsl.obj
d:\work\tsp2a\c++\ruinsofscience\build\_deps\sfml-build\src\sfml\graphics\sfml-graphics.dir\debug\font.obj
d:\work\tsp2a\c++\ruinsofscience\build\_deps\sfml-build\src\sfml\graphics\sfml-graphics.dir\debug\color.obj
d:\work\tsp2a\c++\ruinsofscience\build\_deps\sfml-build\src\sfml\graphics\sfml-graphics.dir\debug\blendmode.obj
d:\work\tsp2a\c++\ruinsofscience\build\_deps\sfml-build\src\sfml\graphics\sfml-graphics.dir\debug\rendertextureimpldefault.obj
d:\work\tsp2a\c++\ruinsofscience\build\_deps\sfml-build\src\sfml\graphics\sfml-graphics.dir\debug\rendertextureimplfbo.obj
d:\work\tsp2a\c++\ruinsofscience\build\_deps\sfml-build\src\sfml\graphics\sfml-graphics.dir\debug\rendertextureimpl.obj
d:\work\tsp2a\c++\ruinsofscience\build\_deps\sfml-build\src\sfml\graphics\sfml-graphics.dir\debug\vertexbuffer.obj
d:\work\tsp2a\c++\ruinsofscience\build\_deps\sfml-build\src\sfml\graphics\sfml-graphics.dir\debug\vertexarray.obj
d:\work\tsp2a\c++\ruinsofscience\build\_deps\sfml-build\src\sfml\graphics\sfml-graphics.dir\debug\text.obj
d:\work\tsp2a\c++\ruinsofscience\build\_deps\sfml-build\src\sfml\graphics\sfml-graphics.dir\debug\sprite.obj
d:\work\tsp2a\c++\ruinsofscience\build\_deps\sfml-build\src\sfml\graphics\sfml-graphics.dir\debug\convexshape.obj
d:\work\tsp2a\c++\ruinsofscience\build\_deps\sfml-build\src\sfml\graphics\sfml-graphics.dir\debug\rectangleshape.obj
d:\work\tsp2a\c++\ruinsofscience\build\_deps\sfml-build\src\sfml\graphics\sfml-graphics.dir\debug\circleshape.obj
d:\work\tsp2a\c++\ruinsofscience\build\_deps\sfml-build\src\sfml\graphics\sfml-graphics.dir\debug\shape.obj
d:\work\tsp2a\c++\ruinsofscience\build\_deps\sfml-build\src\sfml\graphics\cmakefiles\generate.stamp
d:\work\tsp2a\c++\ruinsofscience\build\_deps\sfml-build\lib\debug\sfml-graphics-s-d.lib
d:\work\tsp2a\c++\ruinsofscience\build\_deps\sfml-build\src\sfml\graphics\sfml-graphics.dir\debug\sfml-graphics.tlog\cl.command.1.tlog
d:\work\tsp2a\c++\ruinsofscience\build\_deps\sfml-build\src\sfml\graphics\sfml-graphics.dir\debug\sfml-graphics.tlog\cl.read.1.tlog
d:\work\tsp2a\c++\ruinsofscience\build\_deps\sfml-build\src\sfml\graphics\sfml-graphics.dir\debug\sfml-graphics.tlog\cl.write.1.tlog
d:\work\tsp2a\c++\ruinsofscience\build\_deps\sfml-build\src\sfml\graphics\sfml-graphics.dir\debug\sfml-graphics.tlog\custombuild.command.1.tlog
d:\work\tsp2a\c++\ruinsofscience\build\_deps\sfml-build\src\sfml\graphics\sfml-graphics.dir\debug\sfml-graphics.tlog\custombuild.read.1.tlog
d:\work\tsp2a\c++\ruinsofscience\build\_deps\sfml-build\src\sfml\graphics\sfml-graphics.dir\debug\sfml-graphics.tlog\custombuild.write.1.tlog
d:\work\tsp2a\c++\ruinsofscience\build\_deps\sfml-build\src\sfml\graphics\sfml-graphics.dir\debug\sfml-graphics.tlog\lib-link.read.1.tlog
d:\work\tsp2a\c++\ruinsofscience\build\_deps\sfml-build\src\sfml\graphics\sfml-graphics.dir\debug\sfml-graphics.tlog\lib-link.write.1.tlog
d:\work\tsp2a\c++\ruinsofscience\build\_deps\sfml-build\src\sfml\graphics\sfml-graphics.dir\debug\sfml-graphics.tlog\lib.command.1.tlog
