d:\work\tsp2a\c++\ruinsofscience\build\src\src.dir\debug\src.pdb
d:\work\tsp2a\c++\ruinsofscience\build\src\src.dir\debug\mymain.obj
d:\work\tsp2a\c++\ruinsofscience\build\src\src.dir\debug\state.obj
d:\work\tsp2a\c++\ruinsofscience\build\src\src.dir\debug\room.obj
d:\work\tsp2a\c++\ruinsofscience\build\src\src.dir\debug\ressourcemanager.obj
d:\work\tsp2a\c++\ruinsofscience\build\src\src.dir\debug\game.obj
d:\work\tsp2a\c++\ruinsofscience\build\src\src.dir\debug\ennemy.obj
d:\work\tsp2a\c++\ruinsofscience\build\src\src.dir\debug\combatstate.obj
d:\work\tsp2a\c++\ruinsofscience\build\src\src.dir\debug\button.obj
d:\work\tsp2a\c++\ruinsofscience\build\src\src.dir\debug\roomstate.obj
d:\work\tsp2a\c++\ruinsofscience\build\src\src.dir\debug\player.obj
d:\work\tsp2a\c++\ruinsofscience\build\src\src.dir\debug\mainmenustate.obj
d:\work\tsp2a\c++\ruinsofscience\build\src\src.dir\debug\weapon.obj
d:\work\tsp2a\c++\ruinsofscience\build\src\src.dir\debug\character.obj
d:\work\tsp2a\c++\ruinsofscience\build\src\cmakefiles\generate.stamp
d:\work\tsp2a\c++\ruinsofscience\build\src\debug\src.lib
d:\work\tsp2a\c++\ruinsofscience\build\src\src.dir\debug\src.tlog\cl.command.1.tlog
d:\work\tsp2a\c++\ruinsofscience\build\src\src.dir\debug\src.tlog\cl.read.1.tlog
d:\work\tsp2a\c++\ruinsofscience\build\src\src.dir\debug\src.tlog\cl.write.1.tlog
d:\work\tsp2a\c++\ruinsofscience\build\src\src.dir\debug\src.tlog\custombuild.command.1.tlog
d:\work\tsp2a\c++\ruinsofscience\build\src\src.dir\debug\src.tlog\custombuild.read.1.tlog
d:\work\tsp2a\c++\ruinsofscience\build\src\src.dir\debug\src.tlog\custombuild.write.1.tlog
d:\work\tsp2a\c++\ruinsofscience\build\src\src.dir\debug\src.tlog\lib-link.read.1.tlog
d:\work\tsp2a\c++\ruinsofscience\build\src\src.dir\debug\src.tlog\lib-link.write.1.tlog
d:\work\tsp2a\c++\ruinsofscience\build\src\src.dir\debug\src.tlog\lib.command.1.tlog
