d:\work\tsp2a\c++\ruinsofscience\build\_deps\sfml-build\lib\debug\sfml-audio-s.pdb
d:\work\tsp2a\c++\ruinsofscience\build\_deps\sfml-build\src\sfml\audio\sfml-audio.dir\debug\soundfilewriterwav.obj
d:\work\tsp2a\c++\ruinsofscience\build\_deps\sfml-build\src\sfml\audio\sfml-audio.dir\debug\soundfilewriterogg.obj
d:\work\tsp2a\c++\ruinsofscience\build\_deps\sfml-build\src\sfml\audio\sfml-audio.dir\debug\soundfilewriterflac.obj
d:\work\tsp2a\c++\ruinsofscience\build\_deps\sfml-build\src\sfml\audio\sfml-audio.dir\debug\soundfilereaderwav.obj
d:\work\tsp2a\c++\ruinsofscience\build\_deps\sfml-build\src\sfml\audio\sfml-audio.dir\debug\soundfilereaderogg.obj
d:\work\tsp2a\c++\ruinsofscience\build\_deps\sfml-build\src\sfml\audio\sfml-audio.dir\debug\soundfilereaderflac.obj
d:\work\tsp2a\c++\ruinsofscience\build\_deps\sfml-build\src\sfml\audio\sfml-audio.dir\debug\soundfilefactory.obj
d:\work\tsp2a\c++\ruinsofscience\build\_deps\sfml-build\src\sfml\audio\sfml-audio.dir\debug\soundstream.obj
d:\work\tsp2a\c++\ruinsofscience\build\_deps\sfml-build\src\sfml\audio\sfml-audio.dir\debug\soundsource.obj
d:\work\tsp2a\c++\ruinsofscience\build\_deps\sfml-build\src\sfml\audio\sfml-audio.dir\debug\soundrecorder.obj
d:\work\tsp2a\c++\ruinsofscience\build\_deps\sfml-build\src\sfml\audio\sfml-audio.dir\debug\outputsoundfile.obj
d:\work\tsp2a\c++\ruinsofscience\build\_deps\sfml-build\src\sfml\audio\sfml-audio.dir\debug\inputsoundfile.obj
d:\work\tsp2a\c++\ruinsofscience\build\_deps\sfml-build\src\sfml\audio\sfml-audio.dir\debug\soundbufferrecorder.obj
d:\work\tsp2a\c++\ruinsofscience\build\_deps\sfml-build\src\sfml\audio\sfml-audio.dir\debug\soundbuffer.obj
d:\work\tsp2a\c++\ruinsofscience\build\_deps\sfml-build\src\sfml\audio\sfml-audio.dir\debug\sound.obj
d:\work\tsp2a\c++\ruinsofscience\build\_deps\sfml-build\src\sfml\audio\sfml-audio.dir\debug\music.obj
d:\work\tsp2a\c++\ruinsofscience\build\_deps\sfml-build\src\sfml\audio\sfml-audio.dir\debug\listener.obj
d:\work\tsp2a\c++\ruinsofscience\build\_deps\sfml-build\src\sfml\audio\sfml-audio.dir\debug\audiodevice.obj
d:\work\tsp2a\c++\ruinsofscience\build\_deps\sfml-build\src\sfml\audio\sfml-audio.dir\debug\alresource.obj
d:\work\tsp2a\c++\ruinsofscience\build\_deps\sfml-build\src\sfml\audio\sfml-audio.dir\debug\alcheck.obj
d:\work\tsp2a\c++\ruinsofscience\build\_deps\sfml-build\src\sfml\audio\cmakefiles\generate.stamp
d:\work\tsp2a\c++\ruinsofscience\build\_deps\sfml-build\lib\debug\sfml-audio-s-d.lib
d:\work\tsp2a\c++\ruinsofscience\build\_deps\sfml-build\src\sfml\audio\sfml-audio.dir\debug\sfml-audio.tlog\cl.command.1.tlog
d:\work\tsp2a\c++\ruinsofscience\build\_deps\sfml-build\src\sfml\audio\sfml-audio.dir\debug\sfml-audio.tlog\cl.read.1.tlog
d:\work\tsp2a\c++\ruinsofscience\build\_deps\sfml-build\src\sfml\audio\sfml-audio.dir\debug\sfml-audio.tlog\cl.write.1.tlog
d:\work\tsp2a\c++\ruinsofscience\build\_deps\sfml-build\src\sfml\audio\sfml-audio.dir\debug\sfml-audio.tlog\custombuild.command.1.tlog
d:\work\tsp2a\c++\ruinsofscience\build\_deps\sfml-build\src\sfml\audio\sfml-audio.dir\debug\sfml-audio.tlog\custombuild.read.1.tlog
d:\work\tsp2a\c++\ruinsofscience\build\_deps\sfml-build\src\sfml\audio\sfml-audio.dir\debug\sfml-audio.tlog\custombuild.write.1.tlog
d:\work\tsp2a\c++\ruinsofscience\build\_deps\sfml-build\src\sfml\audio\sfml-audio.dir\debug\sfml-audio.tlog\lib-link.read.1.tlog
d:\work\tsp2a\c++\ruinsofscience\build\_deps\sfml-build\src\sfml\audio\sfml-audio.dir\debug\sfml-audio.tlog\lib-link.write.1.tlog
d:\work\tsp2a\c++\ruinsofscience\build\_deps\sfml-build\src\sfml\audio\sfml-audio.dir\debug\sfml-audio.tlog\lib.command.1.tlog
