d:\work\tsp2a\c++\ruinsofscience\build\_deps\sfml-build\lib\debug\sfml-system-s.pdb
d:\work\tsp2a\c++\ruinsofscience\build\_deps\sfml-build\src\sfml\system\sfml-system.dir\debug\threadlocalimpl.obj
d:\work\tsp2a\c++\ruinsofscience\build\_deps\sfml-build\src\sfml\system\sfml-system.dir\debug\threadimpl.obj
d:\work\tsp2a\c++\ruinsofscience\build\_deps\sfml-build\src\sfml\system\sfml-system.dir\debug\sleepimpl.obj
d:\work\tsp2a\c++\ruinsofscience\build\_deps\sfml-build\src\sfml\system\sfml-system.dir\debug\muteximpl.obj
d:\work\tsp2a\c++\ruinsofscience\build\_deps\sfml-build\src\sfml\system\sfml-system.dir\debug\clockimpl.obj
d:\work\tsp2a\c++\ruinsofscience\build\_deps\sfml-build\src\sfml\system\sfml-system.dir\debug\memoryinputstream.obj
d:\work\tsp2a\c++\ruinsofscience\build\_deps\sfml-build\src\sfml\system\sfml-system.dir\debug\fileinputstream.obj
d:\work\tsp2a\c++\ruinsofscience\build\_deps\sfml-build\src\sfml\system\sfml-system.dir\debug\time.obj
d:\work\tsp2a\c++\ruinsofscience\build\_deps\sfml-build\src\sfml\system\sfml-system.dir\debug\threadlocal.obj
d:\work\tsp2a\c++\ruinsofscience\build\_deps\sfml-build\src\sfml\system\sfml-system.dir\debug\thread.obj
d:\work\tsp2a\c++\ruinsofscience\build\_deps\sfml-build\src\sfml\system\sfml-system.dir\debug\string.obj
d:\work\tsp2a\c++\ruinsofscience\build\_deps\sfml-build\src\sfml\system\sfml-system.dir\debug\sleep.obj
d:\work\tsp2a\c++\ruinsofscience\build\_deps\sfml-build\src\sfml\system\sfml-system.dir\debug\mutex.obj
d:\work\tsp2a\c++\ruinsofscience\build\_deps\sfml-build\src\sfml\system\sfml-system.dir\debug\lock.obj
d:\work\tsp2a\c++\ruinsofscience\build\_deps\sfml-build\src\sfml\system\sfml-system.dir\debug\err.obj
d:\work\tsp2a\c++\ruinsofscience\build\_deps\sfml-build\src\sfml\system\sfml-system.dir\debug\clock.obj
d:\work\tsp2a\c++\ruinsofscience\build\_deps\sfml-build\src\sfml\system\cmakefiles\generate.stamp
d:\work\tsp2a\c++\ruinsofscience\build\_deps\sfml-build\lib\debug\sfml-system-s-d.lib
d:\work\tsp2a\c++\ruinsofscience\build\_deps\sfml-build\src\sfml\system\sfml-system.dir\debug\sfml-system.tlog\cl.command.1.tlog
d:\work\tsp2a\c++\ruinsofscience\build\_deps\sfml-build\src\sfml\system\sfml-system.dir\debug\sfml-system.tlog\cl.read.1.tlog
d:\work\tsp2a\c++\ruinsofscience\build\_deps\sfml-build\src\sfml\system\sfml-system.dir\debug\sfml-system.tlog\cl.write.1.tlog
d:\work\tsp2a\c++\ruinsofscience\build\_deps\sfml-build\src\sfml\system\sfml-system.dir\debug\sfml-system.tlog\custombuild.command.1.tlog
d:\work\tsp2a\c++\ruinsofscience\build\_deps\sfml-build\src\sfml\system\sfml-system.dir\debug\sfml-system.tlog\custombuild.read.1.tlog
d:\work\tsp2a\c++\ruinsofscience\build\_deps\sfml-build\src\sfml\system\sfml-system.dir\debug\sfml-system.tlog\custombuild.write.1.tlog
d:\work\tsp2a\c++\ruinsofscience\build\_deps\sfml-build\src\sfml\system\sfml-system.dir\debug\sfml-system.tlog\lib-link.read.1.tlog
d:\work\tsp2a\c++\ruinsofscience\build\_deps\sfml-build\src\sfml\system\sfml-system.dir\debug\sfml-system.tlog\lib-link.write.1.tlog
d:\work\tsp2a\c++\ruinsofscience\build\_deps\sfml-build\src\sfml\system\sfml-system.dir\debug\sfml-system.tlog\lib.command.1.tlog
